[2026-03-27T01:52:40.002Z] GET https://github.com/cloudflare/cloudflare-python/blob/main/api.md → pending (?ms, ?B)
[2026-03-27T01:52:41.273Z] GET https://github.githubassets.com/assets/light-0c8222dcd7a4f9b7.css → 200 (248ms, 76775B)
[2026-03-27T01:52:41.273Z] GET https://github.githubassets.com/assets/light_high_contrast-51c0c6e0c085cc0f.css → 200 (246ms, 77397B)
[2026-03-27T01:52:41.273Z] GET https://github.githubassets.com/assets/dark-fc6eec18532c3ae0.css → 200 (247ms, 76607B)
[2026-03-27T01:52:41.273Z] GET https://github.githubassets.com/assets/dark_high_contrast-96d7b2bab5a6ae4e.css → 200 (248ms, 77291B)
[2026-03-27T01:52:41.273Z] GET https://github.githubassets.com/assets/primer-primitives-10bf9dd67e3d70bd.css → 200 (246ms, 10084B)
[2026-03-27T01:52:41.273Z] GET https://github.githubassets.com/assets/primer-0fcd9af82350aeda.css → 200 (246ms, 412867B)
[2026-03-27T01:52:41.274Z] GET https://github.githubassets.com/assets/global-a40b6ece39d70d4a.css → 200 (245ms, 296195B)
[2026-03-27T01:52:41.274Z] GET https://github.githubassets.com/assets/github-b02a278369fa132e.css → 200 (247ms, 155945B)
[2026-03-27T01:52:41.274Z] GET https://github.githubassets.com/assets/repository-6ec84ae2261fecf8.css → 200 (245ms, 31098B)
[2026-03-27T01:52:41.274Z] GET https://github.githubassets.com/assets/code-2d31826944fd3be8.css → 200 (246ms, 32359B)
[2026-03-27T01:52:41.274Z] GET https://github.githubassets.com/assets/high-contrast-cookie-6d9b25bb81324e28.js → 200 (302ms, 1298B)
[2026-03-27T01:52:41.274Z] GET https://github.githubassets.com/assets/wp-runtime-bc91473ab0202727.js → 200 (497ms, 49204B)
[2026-03-27T01:52:41.274Z] GET https://github.githubassets.com/assets/28839-c0b8ec9e4855e70d.js → 200 (495ms, 19840B)
[2026-03-27T01:52:41.274Z] GET https://github.githubassets.com/assets/85924-d72bd3bf2ebf2b33.js → 200 (498ms, 13478B)
[2026-03-27T01:52:41.274Z] GET https://github.githubassets.com/assets/34646-5136272fb208a9a7.js → 200 (498ms, 16378B)
[2026-03-27T01:52:41.274Z] GET https://github.githubassets.com/assets/environment-d875a2db42d84bc1.js → 200 (498ms, 21318B)
[2026-03-27T01:52:41.274Z] GET https://github.githubassets.com/assets/runtime-helpers-9ca289a20b4287f3.js → 200 (498ms, 2747B)
[2026-03-27T01:52:41.274Z] GET https://github.githubassets.com/assets/2966-7fae197fcc122033.js → 200 (500ms, 20271B)
[2026-03-27T01:52:41.274Z] GET https://github.githubassets.com/assets/96232-9ad451468017b312.js → 200 (502ms, 9509B)
[2026-03-27T01:52:41.274Z] GET https://github.githubassets.com/assets/41013-98ec62b138074b3c.js → 200 (499ms, 17172B)
[2026-03-27T01:52:41.274Z] GET https://github.githubassets.com/assets/51210-4f6b60f1e56caf0b.js → 200 (499ms, 14054B)
[2026-03-27T01:52:41.274Z] GET https://github.githubassets.com/assets/77313-833d857459e22419.js → 200 (500ms, 13870B)
[2026-03-27T01:52:41.274Z] GET https://github.githubassets.com/assets/23039-9d3ed8a305267b36.js → 200 (500ms, 8669B)
[2026-03-27T01:52:41.275Z] GET https://github.githubassets.com/assets/2327-f9a97d2894410dcc.js → 200 (502ms, 135605B)
[2026-03-27T01:52:41.275Z] GET https://github.githubassets.com/assets/46740-6ff37d25440dfd5f.js → 200 (500ms, 12299B)
[2026-03-27T01:52:41.275Z] GET https://github.githubassets.com/assets/99396-1b9a7bbc673d1858.js → 200 (500ms, 45008B)
[2026-03-27T01:52:41.275Z] GET https://github.githubassets.com/assets/github-elements-b6b27a04749574ff.js → 200 (501ms, 31443B)
[2026-03-27T01:52:41.275Z] GET https://github.githubassets.com/assets/element-registry-8625ff01ea3e9c5a.js → 200 (501ms, 77969B)
[2026-03-27T01:52:41.275Z] GET https://github.githubassets.com/assets/react-core-eff3f3e27186f71c.js → pending (?ms, ?B)
[2026-03-27T01:52:41.275Z] GET https://github.githubassets.com/assets/react-lib-3f8a185bb97e4f4c.js → pending (?ms, ?B)
[2026-03-27T01:52:41.275Z] GET https://github.githubassets.com/assets/7053-059cc82f993d345a.js → 200 (527ms, 8872B)
[2026-03-27T01:52:41.275Z] GET https://github.githubassets.com/assets/79039-13dc534ba9c6a63e.js → 200 (527ms, 16523B)
[2026-03-27T01:52:41.275Z] GET https://github.githubassets.com/assets/61110-91a6e672e6c52371.js → 200 (522ms, 10000B)
[2026-03-27T01:52:41.275Z] GET https://github.githubassets.com/assets/2887-7374f895742e2de6.js → 200 (522ms, 4926B)
[2026-03-27T01:52:41.275Z] GET https://github.githubassets.com/assets/26533-be3434b1ad736595.js → 200 (528ms, 74988B)
[2026-03-27T01:52:41.275Z] GET https://github.githubassets.com/assets/18728-82d661dfa4f3f257.js → 200 (523ms, 27786B)
[2026-03-27T01:52:41.276Z] GET https://github.githubassets.com/assets/12734-bef5da8f594c610e.js → 200 (522ms, 7466B)
[2026-03-27T01:52:41.276Z] GET https://github.githubassets.com/assets/89155-cd29998a39b55887.js → 200 (522ms, 13249B)
[2026-03-27T01:52:41.276Z] GET https://github.githubassets.com/assets/50686-203ca12c697307e6.js → 200 (522ms, 8792B)
[2026-03-27T01:52:41.276Z] GET https://github.githubassets.com/assets/63225-709573646523acd4.js → 200 (524ms, 35223B)
[2026-03-27T01:52:41.276Z] GET https://github.githubassets.com/assets/46287-4caff6a8b1d9f9be.js → 200 (526ms, 36728B)
[2026-03-27T01:52:41.276Z] GET https://github.githubassets.com/assets/2498-97555f2269e8a9bd.js → 200 (523ms, 9131B)
[2026-03-27T01:52:41.277Z] GET https://github.githubassets.com/assets/1108-d04e2e16dc98da37.js → 200 (524ms, 29246B)
[2026-03-27T01:52:41.277Z] GET https://github.githubassets.com/assets/18597-4d68730b3035fa2d.js → 200 (524ms, 15863B)
[2026-03-27T01:52:41.277Z] GET https://github.githubassets.com/assets/15625-1fe1313c1426464a.js → 200 (524ms, 11790B)
[2026-03-27T01:52:41.277Z] GET https://github.githubassets.com/assets/48527-f916f0db97fcaa0a.js → 200 (524ms, 7750B)
[2026-03-27T01:52:41.277Z] GET https://github.githubassets.com/assets/28703-b65c10948d4038cd.js → 200 (524ms, 9832B)
[2026-03-27T01:52:41.277Z] GET https://github.githubassets.com/assets/99328-91354dc331fd4cdd.js → 200 (524ms, 7210B)
[2026-03-27T01:52:41.277Z] GET https://github.githubassets.com/assets/37943-51d1420545992a0c.js → 200 (526ms, 50113B)
[2026-03-27T01:52:41.277Z] GET https://github.githubassets.com/assets/91184-962677183b5639ee.js → 200 (526ms, 14630B)
[2026-03-27T01:52:41.277Z] GET https://github.githubassets.com/assets/97232-f296cf9f18a015f8.js → 200 (525ms, 9745B)
[2026-03-27T01:52:41.277Z] GET https://github.githubassets.com/assets/87774-a49163e290691688.js → 200 (525ms, 9394B)
[2026-03-27T01:52:41.277Z] GET https://github.githubassets.com/assets/27493-4c94010ef4ae1e22.js → 200 (526ms, 14543B)
[2026-03-27T01:52:41.277Z] GET https://github.githubassets.com/assets/56889-a22c1e3369fa0b5c.js → 200 (526ms, 12490B)
[2026-03-27T01:52:41.278Z] GET https://github.githubassets.com/assets/2013-ba4f72f3bac703ac.js → 200 (525ms, 10467B)
[2026-03-27T01:52:41.278Z] GET https://github.githubassets.com/assets/81564-b397683e312aecfa.js → 200 (525ms, 7439B)
[2026-03-27T01:52:41.278Z] GET https://github.githubassets.com/assets/behaviors-16a09f816045b7f3.js → pending (?ms, ?B)
[2026-03-27T01:52:41.278Z] GET https://github.githubassets.com/assets/react-core.364eade98ee7744f.module.css → 200 (243ms, 446B)
[2026-03-27T01:52:41.278Z] GET https://github.githubassets.com/assets/38302-3e712631658bb3b9.js → pending (?ms, ?B)
[2026-03-27T01:52:41.278Z] GET https://github.githubassets.com/assets/notifications-global-26855372e0da920b.js → pending (?ms, ?B)
[2026-03-27T01:52:41.278Z] GET https://github.githubassets.com/assets/34140-23b7e387fad525e7.js → pending (?ms, ?B)
[2026-03-27T01:52:41.278Z] GET https://github.githubassets.com/assets/code-menu-967536ac6b424d39.js → pending (?ms, ?B)
[2026-03-27T01:52:41.278Z] GET https://github.githubassets.com/assets/primer-react-d9c6875a3332ed86.js → pending (?ms, ?B)
[2026-03-27T01:52:41.278Z] GET https://github.githubassets.com/assets/octicons-react-ca419a820093f0c2.js → pending (?ms, ?B)
[2026-03-27T01:52:41.278Z] GET https://github.githubassets.com/assets/82920-dc06a067ce609d1d.js → pending (?ms, ?B)
[2026-03-27T01:52:41.278Z] GET https://github.githubassets.com/assets/37869-a6edd40fc0f7a5b7.js → pending (?ms, ?B)
[2026-03-27T01:52:41.278Z] GET https://github.githubassets.com/assets/68751-dc22dc5f8bf5a264.js → pending (?ms, ?B)
[2026-03-27T01:52:41.278Z] GET https://github.githubassets.com/assets/7463-99acaf07f7d6502a.js → pending (?ms, ?B)
[2026-03-27T01:52:41.278Z] GET https://github.githubassets.com/assets/15272-ad5fb8cca4dc4180.js → pending (?ms, ?B)
[2026-03-27T01:52:41.278Z] GET https://github.githubassets.com/assets/32769-5b6132406b21f557.js → pending (?ms, ?B)
[2026-03-27T01:52:41.278Z] GET https://github.githubassets.com/assets/91498-79905c6495061831.js → pending (?ms, ?B)
[2026-03-27T01:52:41.278Z] GET https://github.githubassets.com/assets/50938-14e2342a61983e31.js → pending (?ms, ?B)
[2026-03-27T01:52:41.279Z] GET https://github.githubassets.com/assets/13220-130b6ffd242c3cfe.js → pending (?ms, ?B)
[2026-03-27T01:52:41.279Z] GET https://github.githubassets.com/assets/76707-4162f37ba2ea87f0.js → pending (?ms, ?B)
[2026-03-27T01:52:41.279Z] GET https://github.githubassets.com/assets/90255-d17e0fa6c678f732.js → pending (?ms, ?B)
[2026-03-27T01:52:41.279Z] GET https://github.githubassets.com/assets/63991-e25341ef4598af2e.js → pending (?ms, ?B)
[2026-03-27T01:52:41.279Z] GET https://github.githubassets.com/assets/5478-be6668559cef13dd.js → pending (?ms, ?B)
[2026-03-27T01:52:41.279Z] GET https://github.githubassets.com/assets/73022-d5bf08ede6053fec.js → pending (?ms, ?B)
[2026-03-27T01:52:41.279Z] GET https://github.githubassets.com/assets/15696-a20f439f82bcaaed.js → pending (?ms, ?B)
[2026-03-27T01:52:41.279Z] GET https://github.githubassets.com/assets/66231-730d4632e03e6ae9.js → pending (?ms, ?B)
[2026-03-27T01:52:41.279Z] GET https://github.githubassets.com/assets/36600-cf085c136387bf33.js → pending (?ms, ?B)
[2026-03-27T01:52:41.279Z] GET https://github.githubassets.com/assets/18222-4323474564e5aecc.js → pending (?ms, ?B)
[2026-03-27T01:52:41.279Z] GET https://github.githubassets.com/assets/4916-4cfd8dd432dcda55.js → pending (?ms, ?B)
[2026-03-27T01:52:41.279Z] GET https://github.githubassets.com/assets/24787-1e80460305bfacf6.js → pending (?ms, ?B)
[2026-03-27T01:52:41.279Z] GET https://github.githubassets.com/assets/17363-4f4436e161accb3b.js → pending (?ms, ?B)
[2026-03-27T01:52:41.279Z] GET https://github.githubassets.com/assets/13333-e757dcf2a85f7470.js → pending (?ms, ?B)
[2026-03-27T01:52:41.279Z] GET https://github.githubassets.com/assets/1097-53c0518f93b2279f.js → pending (?ms, ?B)
[2026-03-27T01:52:41.279Z] GET https://github.githubassets.com/assets/73061-c4ce11a3cbb2af1b.js → pending (?ms, ?B)
[2026-03-27T01:52:41.279Z] GET https://github.githubassets.com/assets/32999-1c9f470712601c9e.js → pending (?ms, ?B)
[2026-03-27T01:52:41.279Z] GET https://github.githubassets.com/assets/20201-94a027eac40ef4a9.js → pending (?ms, ?B)
[2026-03-27T01:52:41.279Z] GET https://github.githubassets.com/assets/86923-cf375148e3d6ed75.js → pending (?ms, ?B)
[2026-03-27T01:52:41.279Z] GET https://github.githubassets.com/assets/49972-75e32f17cfa68bd1.js → pending (?ms, ?B)
[2026-03-27T01:52:41.279Z] GET https://github.githubassets.com/assets/51162-7c57f64035e275e0.js → pending (?ms, ?B)
[2026-03-27T01:52:41.279Z] GET https://github.githubassets.com/assets/96306-9be591ee0e419d2e.js → pending (?ms, ?B)
[2026-03-27T01:52:41.279Z] GET https://github.githubassets.com/assets/26497-5815c1ce9a63d716.js → pending (?ms, ?B)
[2026-03-27T01:52:41.279Z] GET https://github.githubassets.com/assets/66205-b737eb30140ad669.js → pending (?ms, ?B)
[2026-03-27T01:52:41.280Z] GET https://github.githubassets.com/assets/2758-1289ff00c5943402.js → pending (?ms, ?B)
[2026-03-27T01:52:41.280Z] GET https://github.githubassets.com/assets/43690-6b1b81a7875aad48.js → pending (?ms, ?B)
[2026-03-27T01:52:41.280Z] GET https://github.githubassets.com/assets/code-view-c245d25012671aa1.js → pending (?ms, ?B)
[2026-03-27T01:52:41.280Z] GET https://github.githubassets.com/assets/primer-react-css.a7c2e61315e78ba2.module.css → 200 (240ms, 276091B)
[2026-03-27T01:52:41.280Z] GET https://github.githubassets.com/assets/51162.c13c773436c29a7b.module.css → 200 (240ms, 16002B)
[2026-03-27T01:52:41.280Z] GET https://github.githubassets.com/assets/66205.b5045207bd90f6b9.module.css → 200 (240ms, 12222B)
[2026-03-27T01:52:41.280Z] GET https://github.githubassets.com/assets/43690.849fbc1d9064e4fb.module.css → 200 (291ms, 55381B)
[2026-03-27T01:52:41.280Z] GET https://github.githubassets.com/assets/code-view.e923da7d7482ea81.module.css → 200 (291ms, 14171B)
[2026-03-27T01:52:41.280Z] GET https://github.githubassets.com/assets/75999-66911a4f8078f8d4.js → pending (?ms, ?B)
[2026-03-27T01:52:41.280Z] GET https://github.githubassets.com/assets/59852-29e3420959f94d67.js → pending (?ms, ?B)
[2026-03-27T01:52:41.280Z] GET https://github.githubassets.com/assets/33684-c5b5c811d1e864ca.js → pending (?ms, ?B)
[2026-03-27T01:52:41.280Z] GET https://github.githubassets.com/assets/5289-4a32f44cef6e4684.js → pending (?ms, ?B)
[2026-03-27T01:52:41.280Z] GET https://github.githubassets.com/assets/18157-908298688f2d677f.js → pending (?ms, ?B)
[2026-03-27T01:52:41.280Z] GET https://github.githubassets.com/assets/notifications-subscriptions-menu-aa1a15a863c08a2b.js → pending (?ms, ?B)
[2026-03-27T01:52:41.280Z] GET https://github.githubassets.com/assets/notifications-subscriptions-menu.943a6344106372d3.module.css → 200 (292ms, 2939B)
[2026-03-27T01:52:41.280Z] GET https://github.githubassets.com/assets/keyboard-shortcuts-dialog.be67227d646883be.module.css → 200 (292ms, 331B)
[2026-03-27T01:52:41.280Z] GET https://github.githubassets.com/assets/46752-06df1a7bce5e9ba9.js → pending (?ms, ?B)
[2026-03-27T01:52:41.280Z] GET https://github.githubassets.com/assets/93308-59bc73bd78f63174.js → pending (?ms, ?B)
[2026-03-27T01:52:41.280Z] GET https://github.githubassets.com/assets/sessions-a663cbddb3957792.js → pending (?ms, ?B)
[2026-03-27T01:52:41.280Z] GET https://github.githubassets.com/assets/marketing-navigation.0d061fa8a7d6603d.module.css → 200 (292ms, 10698B)
[2026-03-27T01:52:41.878Z] GET https://github.githubassets.com/assets/chunk-51591-375f71c67c905659.js → 200 (211ms, 17809B)
[2026-03-27T01:52:41.878Z] GET https://github.githubassets.com/assets/chunk-34877-417678a20c83a429.js → 200 (210ms, 834B)
[2026-03-27T01:52:41.878Z] GET https://github.githubassets.com/assets/chunk-36423-c84ccea2d788d8c1.js → 200 (211ms, 11321B)
[2026-03-27T01:52:41.878Z] GET https://github.githubassets.com/assets/62758-2c52ce561820e1db.js → 200 (211ms, 14675B)
[2026-03-27T01:52:41.878Z] GET https://github.githubassets.com/assets/chunk-82097-7fc857cb5424bc8b.js → 200 (211ms, 8846B)
[2026-03-27T01:52:41.878Z] GET https://github.githubassets.com/assets/2694-7845f874754220e5.js → 200 (211ms, 24012B)
[2026-03-27T01:52:41.879Z] GET https://github.githubassets.com/assets/chunk-41106-c8d8b147ae1e2eb6.js → 200 (210ms, 11975B)
[2026-03-27T01:52:41.879Z] GET https://github.githubassets.com/assets/chunk-2257-69c78a3207fa2a70.js → 200 (213ms, 55159B)
[2026-03-27T01:52:41.879Z] GET https://github.githubassets.com/assets/55077-d510c436181016ee.js → 200 (213ms, 32175B)
[2026-03-27T01:52:41.879Z] GET https://github.githubassets.com/assets/chunk-78326-f081de5f755d62a5.js → 200 (212ms, 365B)
[2026-03-27T01:52:41.879Z] GET https://github.githubassets.com/assets/chunk-50050-754d6e747d469bea.js → 200 (213ms, 682B)
[2026-03-27T01:52:41.879Z] GET https://github.githubassets.com/assets/chunk-54704-7c556a181ae89425.js → 200 (213ms, 7484B)
[2026-03-27T01:52:41.879Z] GET https://github.githubassets.com/assets/chunk-69038-33dbfd5d912595b3.js → 200 (213ms, 576B)
[2026-03-27T01:52:41.879Z] GET https://github.githubassets.com/assets/36469-ba19164162d5c300.js → 200 (213ms, 9889B)
[2026-03-27T01:52:41.879Z] GET https://github.githubassets.com/assets/64582-73ddf01db6471e7d.js → 200 (213ms, 10189B)
[2026-03-27T01:52:41.879Z] GET https://github.githubassets.com/assets/38963.f70dfea92b138b01.module.css → 200 (198ms, 311B)
[2026-03-27T01:52:41.879Z] GET https://github.githubassets.com/assets/71236-1e8b5578214f81f0.js → 200 (213ms, 11432B)
[2026-03-27T01:52:41.879Z] GET https://github.githubassets.com/assets/84500-a23775c1a21134ed.js → 200 (214ms, 84084B)
[2026-03-27T01:52:41.879Z] GET https://github.githubassets.com/assets/86361-514e0f60709bbb0a.js → 200 (214ms, 17907B)
[2026-03-27T01:52:41.879Z] GET https://github.githubassets.com/assets/70168.374ce4e648336309.module.css → 200 (198ms, 10683B)
[2026-03-27T01:52:41.931Z] GET https://github.githubassets.com/assets/chunk-81053-c53044136fa4cdd9.js → 200 (162ms, 54149B)
[2026-03-27T01:52:41.934Z] GET https://github.githubassets.com/assets/chunk-46661-7ea70c431dcc3df8.js → 200 (159ms, 10224B)
[2026-03-27T01:52:42.076Z] GET https://github.com/cloudflare/cloudflare-python/deferred-metadata/main/api.md → 200 (583ms, 228B)
[2026-03-27T01:52:42.076Z] GET https://github.com/cloudflare/cloudflare-python/latest-commit/main/api.md → 200 (583ms, 1170B)
[2026-03-27T01:52:42.418Z] GET https://github.com/cloudflare/cloudflare-python/refs?type=branch → 200 (242ms, 283B)
[2026-03-27T01:52:42.418Z] GET https://github.com/cloudflare/cloudflare-python/refs?type=branch → 200 (241ms, 283B)
[2026-03-27T01:52:42.419Z] POST https://collector.github.com/github/collect → 204 (240ms, ?B)
[2026-03-27T01:52:42.419Z] GET https://github.com/cloudflare/cloudflare-python/refs?type=branch → 200 (240ms, 283B)
[2026-03-27T01:52:42.674Z] GET https://avatars.githubusercontent.com/in/378072?v=4&size=40 → pending (?ms, ?B)
[2026-03-27T01:52:42.914Z] GET https://github.githubassets.com/assets/chunk-8206-6742cff71422573e.js → 200 (241ms, 43837B)
[2026-03-27T01:52:42.915Z] GET https://github.githubassets.com/assets/appearance-settings.5c7ccb6a718f6c1b.module.css → 200 (239ms, 5899B)
[2026-03-27T01:52:43.154Z] GET https://github.githubassets.com/assets/18647-3ce4ba5254e85153.js → 200 (1ms, 15386B)
[2026-03-27T01:52:43.154Z] GET https://github.githubassets.com/assets/37160-c025d41ddedcd39c.js → 200 (1ms, 10441B)
[2026-03-27T01:52:43.154Z] GET https://github.githubassets.com/assets/71849.38231ebf5311d902.module.css → 200 (?ms, 5885B)
[2026-03-27T01:52:43.655Z] POST https://collector.github.com/github/collect → pending (?ms, ?B)
[2026-03-27T01:52:43.666Z] GET https://github.githubassets.com/assets/61975.b129f60ae2849f5b.module.css → pending (?ms, ?B)
[2026-03-27T01:52:43.666Z] GET https://github.githubassets.com/assets/chunk-61975-cc49307716883fe5.js → pending (?ms, ?B)
[2026-03-27T01:52:43.666Z] POST https://api.github.com/_private/browser/stats → pending (?ms, ?B)
[2026-03-27T01:52:43.666Z] POST https://collector.github.com/github/collect → pending (?ms, ?B)
[2026-03-27T01:52:44.195Z] POST https://collector.github.com/github/collect → 204 (76ms, ?B)
[2026-03-27T01:52:48.670Z] POST https://collector.github.com/github/collect → 204 (104ms, ?B)
